<?xml version="1.0" encoding="UTF-8"?>
<!-- Generated by org.testng.reporters.JUnitXMLReporter -->
<testsuite ignored="6" hostname="lin76005087" failures="0" tests="5" name="Test" time="8.342" errors="0" timestamp="2024-01-30T15:59:39 IST">
  <testcase classname="TestCases.TestRunner" name="verifyAddProduct" time="0.628"/>
  <testcase classname="TestCases.TestRunner" name="verifyAddProduct" time="0.519"/>
  <testcase classname="TestCases.TestRunner" name="verifyAddProduct" time="0.654"/>
  <testcase classname="TestCases.TestRunner" name="verifyAddProduct" time="0.643"/>
  <testcase classname="TestCases.TestRunner" name="verifyAddProduct" time="0.633"/>
  <testcase classname="TestCases.TestRunner" name="placeOrder" time="0.0">
    <ignored/>
  </testcase> <!-- placeOrder -->
  <testcase classname="TestCases.TestRunner" name="resetAppstate" time="0.0">
    <ignored/>
  </testcase> <!-- resetAppstate -->
  <testcase classname="TestCases.BaseClass" name="@AfterSuite tearDown" time="0.0">
    <ignored/>
  </testcase> <!-- @AfterSuite tearDown -->
  <testcase classname="TestCases.BaseClass" name="@BeforeSuite launchBrowser" time="0.0">
    <ignored/>
  </testcase> <!-- @BeforeSuite launchBrowser -->
  <testcase classname="TestCases.TestRunner" name="verifyCartPage" time="0.0">
    <ignored/>
  </testcase> <!-- verifyCartPage -->
  <testcase classname="TestCases.TestRunner" name="addingMultipleProduct" time="0.0">
    <ignored/>
  </testcase> <!-- addingMultipleProduct -->
</testsuite> <!-- Test -->
