<?xml version="1.0" encoding="UTF-8"?>
<testng-results ignored="0" total="3" passed="3" failed="0" skipped="0">
  <reporter-output>
  </reporter-output>
  <suite started-at="2023-10-25T15:53:32 IST" name="Default suite" finished-at="2023-10-25T15:53:36 IST" duration-ms="4505">
    <groups>
    </groups>
    <test started-at="2023-10-25T15:53:32 IST" name="Default test" finished-at="2023-10-25T15:53:36 IST" duration-ms="4505">
      <class name="DynamicJson.LibraryAPI">
        <test-method signature="addBook(java.lang.String,java.lang.String)[pri:0, instance:DynamicJson.LibraryAPI@82de64a]" started-at="2023-10-25T15:53:32 IST" name="addBook" data-provider="BooksData" finished-at="2023-10-25T15:53:35 IST" duration-ms="3405" status="PASS">
          <params>
            <param index="0">
              <value>
                <![CDATA[234]]>
              </value>
            </param>
            <param index="1">
              <value>
                <![CDATA[abc]]>
              </value>
            </param>
          </params>
          <reporter-output>
          </reporter-output>
        </test-method> <!-- addBook -->
        <test-method signature="addBook(java.lang.String,java.lang.String)[pri:0, instance:DynamicJson.LibraryAPI@82de64a]" started-at="2023-10-25T15:53:35 IST" name="addBook" data-provider="BooksData" finished-at="2023-10-25T15:53:36 IST" duration-ms="494" status="PASS">
          <params>
            <param index="0">
              <value>
                <![CDATA[897]]>
              </value>
            </param>
            <param index="1">
              <value>
                <![CDATA[oil]]>
              </value>
            </param>
          </params>
          <reporter-output>
          </reporter-output>
        </test-method> <!-- addBook -->
        <test-method signature="addBook(java.lang.String,java.lang.String)[pri:0, instance:DynamicJson.LibraryAPI@82de64a]" started-at="2023-10-25T15:53:36 IST" name="addBook" data-provider="BooksData" finished-at="2023-10-25T15:53:36 IST" duration-ms="537" status="PASS">
          <params>
            <param index="0">
              <value>
                <![CDATA[098]]>
              </value>
            </param>
            <param index="1">
              <value>
                <![CDATA[fhj]]>
              </value>
            </param>
          </params>
          <reporter-output>
          </reporter-output>
        </test-method> <!-- addBook -->
      </class> <!-- DynamicJson.LibraryAPI -->
    </test> <!-- Default test -->
  </suite> <!-- Default suite -->
</testng-results>
