<?xml version="1.0" encoding="UTF-8"?>
<testng-results total="2" passed="2" failed="0" skipped="0">
  <reporter-output>
  </reporter-output>
  <suite started-at="2023-06-21T07:07:59Z" name="Default suite" finished-at="2023-06-21T07:07:59Z" duration-ms="18">
    <groups>
    </groups>
    <test started-at="2023-06-21T07:07:59Z" name="Default test" finished-at="2023-06-21T07:07:59Z" duration-ms="18">
      <class name="testng.Basic">
        <test-method signature="demo()[pri:0, instance:testng.Basic@4e423aa2]" started-at="2023-06-21T12:37:59Z" name="demo" finished-at="2023-06-21T12:37:59Z" duration-ms="6" status="PASS">
          <reporter-output>
          </reporter-output>
        </test-method> <!-- demo -->
        <test-method signature="test1()[pri:0, instance:testng.Basic@4e423aa2]" started-at="2023-06-21T12:37:59Z" name="test1" finished-at="2023-06-21T12:37:59Z" duration-ms="1" status="PASS">
          <reporter-output>
          </reporter-output>
        </test-method> <!-- test1 -->
      </class> <!-- testng.Basic -->
    </test> <!-- Default test -->
  </suite> <!-- Default suite -->
</testng-results>
