<?xml version="1.0" encoding="UTF-8"?>
<testng-results ignored="0" total="5" passed="5" failed="0" skipped="0">
  <reporter-output>
  </reporter-output>
  <suite started-at="2024-04-17T10:52:24 IST" name="Surefire suite" finished-at="2024-04-17T10:52:35 IST" duration-ms="10981">
    <groups>
    </groups>
    <test started-at="2024-04-17T10:52:24 IST" name="Surefire test" finished-at="2024-04-17T10:52:35 IST" duration-ms="10981">
      <class name="TestCases.TestRunner">
        <test-method is-config="true" signature="launchBrowser()[pri:0, instance:TestCases.TestRunner@5afa3c9]" started-at="2024-04-17T10:52:20 IST" name="launchBrowser" finished-at="2024-04-17T10:52:24 IST" duration-ms="3741" status="PASS">
          <reporter-output>
          </reporter-output>
        </test-method> <!-- launchBrowser -->
        <test-method is-config="true" signature="config()[pri:0, instance:TestCases.TestRunner@5afa3c9]" started-at="2024-04-17T10:52:24 IST" name="config" finished-at="2024-04-17T10:52:24 IST" duration-ms="207" status="PASS">
          <reporter-output>
          </reporter-output>
        </test-method> <!-- config -->
        <test-method is-config="true" signature="loginToSite()[pri:0, instance:TestCases.TestRunner@5afa3c9]" started-at="2024-04-17T10:52:24 IST" name="loginToSite" finished-at="2024-04-17T10:52:25 IST" duration-ms="849" status="PASS">
          <reporter-output>
          </reporter-output>
        </test-method> <!-- loginToSite -->
        <test-method signature="verifyAddProduct()[pri:1, instance:TestCases.TestRunner@5afa3c9]" started-at="2024-04-17T10:52:25 IST" name="verifyAddProduct" finished-at="2024-04-17T10:52:26 IST" duration-ms="707" status="PASS">
          <reporter-output>
          </reporter-output>
        </test-method> <!-- verifyAddProduct -->
        <test-method is-config="true" signature="logOut()[pri:0, instance:TestCases.TestRunner@5afa3c9]" started-at="2024-04-17T10:52:26 IST" name="logOut" finished-at="2024-04-17T10:52:26 IST" duration-ms="374" status="PASS">
          <reporter-output>
          </reporter-output>
        </test-method> <!-- logOut -->
        <test-method is-config="true" signature="loginToSite()[pri:0, instance:TestCases.TestRunner@5afa3c9]" started-at="2024-04-17T10:52:26 IST" name="loginToSite" finished-at="2024-04-17T10:52:27 IST" duration-ms="222" status="PASS">
          <reporter-output>
          </reporter-output>
        </test-method> <!-- loginToSite -->
        <test-method signature="verifyCartPage()[pri:2, instance:TestCases.TestRunner@5afa3c9]" started-at="2024-04-17T10:52:27 IST" name="verifyCartPage" finished-at="2024-04-17T10:52:30 IST" duration-ms="3559" status="PASS">
          <reporter-output>
          </reporter-output>
        </test-method> <!-- verifyCartPage -->
        <test-method is-config="true" signature="logOut()[pri:0, instance:TestCases.TestRunner@5afa3c9]" started-at="2024-04-17T10:52:30 IST" name="logOut" finished-at="2024-04-17T10:52:30 IST" duration-ms="206" status="PASS">
          <reporter-output>
          </reporter-output>
        </test-method> <!-- logOut -->
        <test-method is-config="true" signature="loginToSite()[pri:0, instance:TestCases.TestRunner@5afa3c9]" started-at="2024-04-17T10:52:30 IST" name="loginToSite" finished-at="2024-04-17T10:52:31 IST" duration-ms="345" status="PASS">
          <reporter-output>
          </reporter-output>
        </test-method> <!-- loginToSite -->
        <test-method signature="addingMultipleProduct()[pri:3, instance:TestCases.TestRunner@5afa3c9]" started-at="2024-04-17T10:52:31 IST" name="addingMultipleProduct" finished-at="2024-04-17T10:52:31 IST" duration-ms="783" status="PASS">
          <reporter-output>
          </reporter-output>
        </test-method> <!-- addingMultipleProduct -->
        <test-method is-config="true" signature="logOut()[pri:0, instance:TestCases.TestRunner@5afa3c9]" started-at="2024-04-17T10:52:31 IST" name="logOut" finished-at="2024-04-17T10:52:32 IST" duration-ms="351" status="PASS">
          <reporter-output>
          </reporter-output>
        </test-method> <!-- logOut -->
        <test-method is-config="true" signature="loginToSite()[pri:0, instance:TestCases.TestRunner@5afa3c9]" started-at="2024-04-17T10:52:32 IST" name="loginToSite" finished-at="2024-04-17T10:52:32 IST" duration-ms="412" status="PASS">
          <reporter-output>
          </reporter-output>
        </test-method> <!-- loginToSite -->
        <test-method signature="placeOrder()[pri:4, instance:TestCases.TestRunner@5afa3c9]" started-at="2024-04-17T10:52:32 IST" name="placeOrder" finished-at="2024-04-17T10:52:34 IST" duration-ms="1595" status="PASS">
          <reporter-output>
          </reporter-output>
        </test-method> <!-- placeOrder -->
        <test-method is-config="true" signature="logOut()[pri:0, instance:TestCases.TestRunner@5afa3c9]" started-at="2024-04-17T10:52:34 IST" name="logOut" finished-at="2024-04-17T10:52:34 IST" duration-ms="232" status="PASS">
          <reporter-output>
          </reporter-output>
        </test-method> <!-- logOut -->
        <test-method is-config="true" signature="loginToSite()[pri:0, instance:TestCases.TestRunner@5afa3c9]" started-at="2024-04-17T10:52:34 IST" name="loginToSite" finished-at="2024-04-17T10:52:34 IST" duration-ms="196" status="PASS">
          <reporter-output>
          </reporter-output>
        </test-method> <!-- loginToSite -->
        <test-method signature="resetAppstate()[pri:5, instance:TestCases.TestRunner@5afa3c9]" started-at="2024-04-17T10:52:34 IST" name="resetAppstate" finished-at="2024-04-17T10:52:35 IST" duration-ms="693" status="PASS">
          <reporter-output>
          </reporter-output>
        </test-method> <!-- resetAppstate -->
        <test-method is-config="true" signature="logOut()[pri:0, instance:TestCases.TestRunner@5afa3c9]" started-at="2024-04-17T10:52:35 IST" name="logOut" finished-at="2024-04-17T10:52:35 IST" duration-ms="195" status="PASS">
          <reporter-output>
          </reporter-output>
        </test-method> <!-- logOut -->
        <test-method is-config="true" signature="tearDown()[pri:0, instance:TestCases.TestRunner@5afa3c9]" started-at="2024-04-17T10:52:35 IST" name="tearDown" finished-at="2024-04-17T10:52:35 IST" duration-ms="275" status="PASS">
          <reporter-output>
          </reporter-output>
        </test-method> <!-- tearDown -->
      </class> <!-- TestCases.TestRunner -->
    </test> <!-- Surefire test -->
  </suite> <!-- Surefire suite -->
</testng-results>
