<?xml version="1.0" encoding="UTF-8"?>
<testng-results ignored="0" total="5" passed="5" failed="0" skipped="0">
  <reporter-output>
  </reporter-output>
  <suite started-at="2024-04-04T21:33:34 IST" name="Suite" finished-at="2024-04-04T21:33:45 IST" duration-ms="10751">
    <groups>
    </groups>
    <test started-at="2024-04-04T21:33:34 IST" name="Test" finished-at="2024-04-04T21:33:45 IST" duration-ms="10751">
      <class name="TestCases.BaseClass">
        <test-method is-config="true" signature="launchBrowser()[pri:0, instance:TestCases.BaseClass@336f1079]" started-at="2024-04-04T21:33:29 IST" name="launchBrowser" finished-at="2024-04-04T21:33:34 IST" duration-ms="5414" status="PASS">
          <reporter-output>
          </reporter-output>
        </test-method> <!-- launchBrowser -->
        <test-method is-config="true" signature="config()[pri:0, instance:TestCases.BaseClass@336f1079]" started-at="2024-04-04T21:33:34 IST" name="config" finished-at="2024-04-04T21:33:34 IST" duration-ms="1" status="PASS">
          <reporter-output>
          </reporter-output>
        </test-method> <!-- config -->
        <test-method is-config="true" signature="tearDown()[pri:0, instance:TestCases.BaseClass@336f1079]" started-at="2024-04-04T21:33:45 IST" name="tearDown" finished-at="2024-04-04T21:33:46 IST" duration-ms="284" status="PASS">
          <reporter-output>
          </reporter-output>
        </test-method> <!-- tearDown -->
      </class> <!-- TestCases.BaseClass -->
      <class name="TestCases.TestRunner">
        <test-method is-config="true" signature="loginToSite()[pri:0, instance:TestCases.TestRunner@5a1de7fb]" started-at="2024-04-04T21:33:34 IST" name="loginToSite" finished-at="2024-04-04T21:33:35 IST" duration-ms="1027" status="PASS">
          <reporter-output>
          </reporter-output>
        </test-method> <!-- loginToSite -->
        <test-method signature="verifyAddProduct()[pri:1, instance:TestCases.TestRunner@5a1de7fb]" started-at="2024-04-04T21:33:35 IST" name="verifyAddProduct" finished-at="2024-04-04T21:33:36 IST" duration-ms="444" status="PASS">
          <reporter-output>
          </reporter-output>
        </test-method> <!-- verifyAddProduct -->
        <test-method is-config="true" signature="logOut()[pri:0, instance:TestCases.TestRunner@5a1de7fb]" started-at="2024-04-04T21:33:36 IST" name="logOut" finished-at="2024-04-04T21:33:36 IST" duration-ms="386" status="PASS">
          <reporter-output>
          </reporter-output>
        </test-method> <!-- logOut -->
        <test-method is-config="true" signature="loginToSite()[pri:0, instance:TestCases.TestRunner@5a1de7fb]" started-at="2024-04-04T21:33:36 IST" name="loginToSite" finished-at="2024-04-04T21:33:36 IST" duration-ms="309" status="PASS">
          <reporter-output>
          </reporter-output>
        </test-method> <!-- loginToSite -->
        <test-method signature="verifyCartPage()[pri:2, instance:TestCases.TestRunner@5a1de7fb]" started-at="2024-04-04T21:33:36 IST" name="verifyCartPage" finished-at="2024-04-04T21:33:40 IST" duration-ms="3356" status="PASS">
          <reporter-output>
          </reporter-output>
        </test-method> <!-- verifyCartPage -->
        <test-method is-config="true" signature="logOut()[pri:0, instance:TestCases.TestRunner@5a1de7fb]" started-at="2024-04-04T21:33:40 IST" name="logOut" finished-at="2024-04-04T21:33:40 IST" duration-ms="333" status="PASS">
          <reporter-output>
          </reporter-output>
        </test-method> <!-- logOut -->
        <test-method is-config="true" signature="loginToSite()[pri:0, instance:TestCases.TestRunner@5a1de7fb]" started-at="2024-04-04T21:33:40 IST" name="loginToSite" finished-at="2024-04-04T21:33:40 IST" duration-ms="327" status="PASS">
          <reporter-output>
          </reporter-output>
        </test-method> <!-- loginToSite -->
        <test-method signature="addingMultipleProduct()[pri:3, instance:TestCases.TestRunner@5a1de7fb]" started-at="2024-04-04T21:33:40 IST" name="addingMultipleProduct" finished-at="2024-04-04T21:33:41 IST" duration-ms="786" status="PASS">
          <reporter-output>
          </reporter-output>
        </test-method> <!-- addingMultipleProduct -->
        <test-method is-config="true" signature="logOut()[pri:0, instance:TestCases.TestRunner@5a1de7fb]" started-at="2024-04-04T21:33:41 IST" name="logOut" finished-at="2024-04-04T21:33:42 IST" duration-ms="396" status="PASS">
          <reporter-output>
          </reporter-output>
        </test-method> <!-- logOut -->
        <test-method is-config="true" signature="loginToSite()[pri:0, instance:TestCases.TestRunner@5a1de7fb]" started-at="2024-04-04T21:33:42 IST" name="loginToSite" finished-at="2024-04-04T21:33:42 IST" duration-ms="362" status="PASS">
          <reporter-output>
          </reporter-output>
        </test-method> <!-- loginToSite -->
        <test-method signature="placeOrder()[pri:4, instance:TestCases.TestRunner@5a1de7fb]" started-at="2024-04-04T21:33:42 IST" name="placeOrder" finished-at="2024-04-04T21:33:44 IST" duration-ms="1751" status="PASS">
          <reporter-output>
          </reporter-output>
        </test-method> <!-- placeOrder -->
        <test-method is-config="true" signature="logOut()[pri:0, instance:TestCases.TestRunner@5a1de7fb]" started-at="2024-04-04T21:33:44 IST" name="logOut" finished-at="2024-04-04T21:33:44 IST" duration-ms="218" status="PASS">
          <reporter-output>
          </reporter-output>
        </test-method> <!-- logOut -->
        <test-method is-config="true" signature="loginToSite()[pri:0, instance:TestCases.TestRunner@5a1de7fb]" started-at="2024-04-04T21:33:44 IST" name="loginToSite" finished-at="2024-04-04T21:33:44 IST" duration-ms="244" status="PASS">
          <reporter-output>
          </reporter-output>
        </test-method> <!-- loginToSite -->
        <test-method signature="resetAppstate()[pri:5, instance:TestCases.TestRunner@5a1de7fb]" started-at="2024-04-04T21:33:44 IST" name="resetAppstate" finished-at="2024-04-04T21:33:45 IST" duration-ms="571" status="PASS">
          <reporter-output>
          </reporter-output>
        </test-method> <!-- resetAppstate -->
        <test-method is-config="true" signature="logOut()[pri:0, instance:TestCases.TestRunner@5a1de7fb]" started-at="2024-04-04T21:33:45 IST" name="logOut" finished-at="2024-04-04T21:33:45 IST" duration-ms="177" status="PASS">
          <reporter-output>
          </reporter-output>
        </test-method> <!-- logOut -->
      </class> <!-- TestCases.TestRunner -->
    </test> <!-- Test -->
  </suite> <!-- Suite -->
</testng-results>
