<?xml version="1.0" encoding="UTF-8"?>
<testng-results ignored="0" total="1" passed="1" failed="0" skipped="0">
  <reporter-output>
  </reporter-output>
  <suite started-at="2023-02-16T15:12:56 IST" name="Default suite" finished-at="2023-02-16T15:13:10 IST" duration-ms="13468">
    <groups>
    </groups>
    <test started-at="2023-02-16T15:12:56 IST" name="Default test" finished-at="2023-02-16T15:13:10 IST" duration-ms="13468">
      <class name="Googlesearch.Suggestion">
        <test-method is-config="true" signature="setUp()[pri:0, instance:Googlesearch.Suggestion@5d0a1059]" started-at="2023-02-16T15:12:56 IST" name="setUp" finished-at="2023-02-16T15:13:08 IST" duration-ms="11938" status="PASS">
          <reporter-output>
          </reporter-output>
        </test-method> <!-- setUp -->
        <test-method signature="searching()[pri:0, instance:Googlesearch.Suggestion@5d0a1059]" started-at="2023-02-16T15:13:08 IST" name="searching" finished-at="2023-02-16T15:13:09 IST" duration-ms="1175" status="PASS">
          <reporter-output>
          </reporter-output>
        </test-method> <!-- searching -->
        <test-method is-config="true" signature="tearDown()[pri:0, instance:Googlesearch.Suggestion@5d0a1059]" started-at="2023-02-16T15:13:09 IST" name="tearDown" finished-at="2023-02-16T15:13:10 IST" duration-ms="299" status="PASS">
          <reporter-output>
          </reporter-output>
        </test-method> <!-- tearDown -->
      </class> <!-- Googlesearch.Suggestion -->
    </test> <!-- Default test -->
  </suite> <!-- Default suite -->
</testng-results>
