<?xml version="1.0" encoding="UTF-8"?>
<!-- Generated by org.testng.reporters.JUnitXMLReporter -->
<testsuite ignored="0" hostname="lin76005087" failures="0" tests="5" name="Default test" time="14.785" errors="0" timestamp="2024-01-22T14:23:15 IST">
  <testcase classname="TestCases.TestRunner" name="verifyAddProduct" time="0.558"/>
  <testcase classname="TestCases.TestRunner" name="verifyCartPage" time="3.848"/>
  <testcase classname="TestCases.TestRunner" name="addingMultipleProduct" time="0.972"/>
  <testcase classname="TestCases.TestRunner" name="placeOrder" time="3.308"/>
  <testcase classname="TestCases.TestRunner" name="resetAppstate" time="0.815"/>
</testsuite> <!-- Default test -->
