<?xml version="1.0" encoding="UTF-8"?>
<!-- Generated by org.testng.reporters.JUnitXMLReporter -->
<testsuite ignored="0" hostname="lin76005087" failures="0" tests="9" name="Default test" time="19.875" errors="0" timestamp="2024-04-03T16:19:08 IST">
  <testcase classname="TestCases.TestRunner" name="verifyAddProduct" time="0.381"/>
  <testcase classname="TestCases.TestRunner" name="verifyAddProduct" time="0.665"/>
  <testcase classname="TestCases.TestRunner" name="verifyAddProduct" time="0.472"/>
  <testcase classname="TestCases.TestRunner" name="verifyAddProduct" time="0.688"/>
  <testcase classname="TestCases.TestRunner" name="verifyAddProduct" time="0.682"/>
  <testcase classname="TestCases.TestRunner" name="verifyCartPage" time="3.37"/>
  <testcase classname="TestCases.TestRunner" name="addingMultipleProduct" time="0.78"/>
  <testcase classname="TestCases.TestRunner" name="placeOrder" time="2.799"/>
  <testcase classname="TestCases.TestRunner" name="resetAppstate" time="1.443"/>
</testsuite> <!-- Default test -->
