<?xml version="1.0" encoding="UTF-8"?>
<!-- Generated by org.testng.reporters.JUnitXMLReporter -->
<testsuite ignored="0" hostname="lin76005087" failures="0" tests="3" name="Default test" time="4.505" errors="0" timestamp="2023-10-25T15:53:36 IST">
  <testcase classname="DynamicJson.LibraryAPI" name="addBook" time="3.405"/>
  <testcase classname="DynamicJson.LibraryAPI" name="addBook" time="0.494"/>
  <testcase classname="DynamicJson.LibraryAPI" name="addBook" time="0.537"/>
</testsuite> <!-- Default test -->
