<?xml version="1.0" encoding="UTF-8"?>
<!-- Generated by org.testng.reporters.JUnitXMLReporter -->
<testsuite ignored="0" hostname="lin76005087" failures="0" tests="5" name="Surefire test" time="10.981" errors="0" timestamp="2024-04-17T10:52:35 IST">
  <testcase classname="TestCases.TestRunner" name="verifyAddProduct" time="0.707"/>
  <testcase classname="TestCases.TestRunner" name="verifyCartPage" time="3.559"/>
  <testcase classname="TestCases.TestRunner" name="addingMultipleProduct" time="0.783"/>
  <testcase classname="TestCases.TestRunner" name="placeOrder" time="1.595"/>
  <testcase classname="TestCases.TestRunner" name="resetAppstate" time="0.693"/>
</testsuite> <!-- Surefire test -->
