<?xml version="1.0" encoding="UTF-8"?>
<testng-results ignored="0" total="4" passed="4" failed="0" skipped="0">
  <reporter-output>
  </reporter-output>
  <suite started-at="2024-04-12T16:57:30 IST" name="Suite" finished-at="2024-04-12T16:57:49 IST" duration-ms="18835">
    <groups>
    </groups>
    <test started-at="2024-04-12T16:57:30 IST" name="Test" finished-at="2024-04-12T16:57:49 IST" duration-ms="18835">
      <class name="testCases.CustomerLoginTest">
        <test-method signature="customerLogin()[pri:2, instance:testCases.CustomerLoginTest@78e4deb0]" started-at="2024-04-12T16:57:34 IST" name="customerLogin" finished-at="2024-04-12T16:57:36 IST" duration-ms="1941" status="PASS">
          <reporter-output>
          </reporter-output>
        </test-method> <!-- customerLogin -->
        <test-method signature="amountWithdrawal()[pri:3, instance:testCases.CustomerLoginTest@78e4deb0]" started-at="2024-04-12T16:57:36 IST" name="amountWithdrawal" finished-at="2024-04-12T16:57:49 IST" duration-ms="12726" status="PASS">
          <reporter-output>
          </reporter-output>
        </test-method> <!-- amountWithdrawal -->
      </class> <!-- testCases.CustomerLoginTest -->
      <class name="testCases.ManagerLoginTest">
        <test-method is-config="true" signature="initiateBrowser()[pri:0, instance:testCases.ManagerLoginTest@11392934]" started-at="2024-04-12T16:57:25 IST" name="initiateBrowser" finished-at="2024-04-12T16:57:30 IST" duration-ms="4703" status="PASS">
          <reporter-output>
          </reporter-output>
        </test-method> <!-- initiateBrowser -->
        <test-method signature="addCustomer()[pri:0, instance:testCases.ManagerLoginTest@11392934]" started-at="2024-04-12T16:57:30 IST" name="addCustomer" finished-at="2024-04-12T16:57:32 IST" duration-ms="2204" status="PASS">
          <reporter-output>
          </reporter-output>
        </test-method> <!-- addCustomer -->
        <test-method signature="accountNumberCreation()[pri:1, instance:testCases.ManagerLoginTest@11392934]" started-at="2024-04-12T16:57:32 IST" name="accountNumberCreation" finished-at="2024-04-12T16:57:34 IST" duration-ms="1874" status="PASS">
          <reporter-output>
          </reporter-output>
        </test-method> <!-- accountNumberCreation -->
      </class> <!-- testCases.ManagerLoginTest -->
    </test> <!-- Test -->
  </suite> <!-- Suite -->
</testng-results>
