<?xml version="1.0" encoding="UTF-8"?>
<!-- Generated by org.testng.reporters.JUnitXMLReporter -->
<testsuite hostname="din80016013" failures="0" tests="5" name="test1" time="35.659" errors="0" timestamp="8 Aug 2022 06:06:22 GMT">
  <testcase classname="Testcases.Flipkarttest" name="Test1" time="0.965"/>
  <testcase classname="Testcases.Flipkarttest" name="Test2" time="3.143"/>
  <testcase classname="Testcases.Flipkarttest" name="Test3" time="27.604"/>
  <testcase classname="Testcases.Flipkarttest" name="Test4" time="0.543"/>
  <testcase classname="Testcases.Flipkarttest" name="Test5" time="2.04"/>
</testsuite> <!-- test1 -->
