<?xml version="1.0" encoding="UTF-8"?>
<!-- Generated by org.testng.reporters.JUnitXMLReporter -->
<testsuite ignored="3" hostname="lin76005087" failures="0" tests="5" name="Test" time="10.751" errors="0" timestamp="2024-04-04T21:33:45 IST">
  <testcase classname="TestCases.TestRunner" name="verifyAddProduct" time="0.444"/>
  <testcase classname="TestCases.TestRunner" name="verifyCartPage" time="3.356"/>
  <testcase classname="TestCases.TestRunner" name="addingMultipleProduct" time="0.786"/>
  <testcase classname="TestCases.TestRunner" name="placeOrder" time="1.751"/>
  <testcase classname="TestCases.TestRunner" name="resetAppstate" time="0.571"/>
  <testcase classname="TestCases.BaseClass" name="@BeforeTest config" time="0.0">
    <ignored/>
  </testcase> <!-- @BeforeTest config -->
  <testcase classname="TestCases.BaseClass" name="@BeforeSuite launchBrowser" time="0.0">
    <ignored/>
  </testcase> <!-- @BeforeSuite launchBrowser -->
  <testcase classname="TestCases.BaseClass" name="@AfterSuite tearDown" time="0.0">
    <ignored/>
  </testcase> <!-- @AfterSuite tearDown -->
</testsuite> <!-- Test -->
