<?xml version="1.0" encoding="UTF-8"?>
<!-- Generated by org.testng.reporters.JUnitXMLReporter -->
<testsuite ignored="0" hostname="lin76005087" failures="0" tests="4" name="Test" time="18.835" errors="0" timestamp="2024-04-12T16:57:49 IST">
  <testcase classname="testCases.ManagerLoginTest" name="addCustomer" time="2.204"/>
  <testcase classname="testCases.ManagerLoginTest" name="accountNumberCreation" time="1.874"/>
  <testcase classname="testCases.CustomerLoginTest" name="customerLogin" time="1.941"/>
  <testcase classname="testCases.CustomerLoginTest" name="amountWithdrawal" time="12.726"/>
</testsuite> <!-- Test -->
